/home/mahmudul/Workspace/Projects/Python/.avatarvenv/lib/python3.13/site-packages/brainflow/board_shim.py:10: UserWarning: pkg_resources is deprecated as an API. See https://setuptools.pypa.io/en/latest/pkg_resources.html. The pkg_resources package is slated for removal as early as 2025-11-30. Refrain from using this package or pin to Setuptools<81.
  import pkg_resources
[INFO] tello.py - 129 - Tello instance was initialized. Host: '192.168.10.1'. Port: '8889'.
file:///home/mahmudul/Workspace/Projects/Python/Avatar-Mahmudul-Forked/main.qml:1325:21: QML CameraView: Binding loop detected for property "cameraController":
file:///home/mahmudul/Workspace/Projects/Python/Avatar-Mahmudul-Forked/main.qml:1328:25
file:///home/mahmudul/Workspace/Projects/Python/Avatar-Mahmudul-Forked/main.qml:1360:17: QML Column: Cannot specify top, bottom, verticalCenter, fill or centerIn anchors for items inside Column. Column will not function.
file:///home/mahmudul/Workspace/Projects/Python/Avatar-Mahmudul-Forked/main.qml:1048:37: QML QQuickImage: Cannot open: file:///home/mahmudul/Workspace/Projects/Python/Avatar-Mahmudul-Forked/GUI_Pics/Stream.png
file:///home/mahmudul/Workspace/Projects/Python/Avatar-Mahmudul-Forked/main.qml:943:37: QML QQuickImage: Cannot open: file:///home/mahmudul/Workspace/Projects/Python/Avatar-Mahmudul-Forked/GUI_Pics/Forward.png
file:///home/mahmudul/Workspace/Projects/Python/Avatar-Mahmudul-Forked/main.qml:155:29: QML Button: Binding loop detected for property "implicitWidth":
qrc:/qt-project.org/imports/QtQuick/Controls/Fusion/Button.qml:13:5
qml: droneCameraLoader.status -> 2
file:///home/mahmudul/Workspace/Projects/Python/Avatar-Mahmudul-Forked/Manual_NAO6_Control/Manual_NAO6_Control.qml:151:21: QML QQuickImage: Cannot open: file:///home/mahmudul/Workspace/Projects/Python/Avatar-Mahmudul-Forked/Manual_NAO6_Control/GUI_Pics/connect.png
file:///home/mahmudul/Workspace/Projects/Python/Avatar-Mahmudul-Forked/main.qml:943:37: QML QQuickImage: Cannot open: file:///home/mahmudul/Workspace/Projects/Python/Avatar-Mahmudul-Forked/GUI_Pics/Forward.png
file:///home/mahmudul/Workspace/Projects/Python/Avatar-Mahmudul-Forked/main.qml:1048:37: QML QQuickImage: Cannot open: file:///home/mahmudul/Workspace/Projects/Python/Avatar-Mahmudul-Forked/GUI_Pics/Stream.png
file:///home/mahmudul/Workspace/Projects/Python/Avatar-Mahmudul-Forked/Manual_NAO6_Control/Manual_NAO6_Control.qml:151:21: QML QQuickImage: Cannot open: file:///home/mahmudul/Workspace/Projects/Python/Avatar-Mahmudul-Forked/Manual_NAO6_Control/GUI_Pics/connect.png
file:///home/mahmudul/Workspace/Projects/Python/Avatar-Mahmudul-Forked/main.qml:591:45: TypeError: Cannot read property 'width' of null
file:///home/mahmudul/Workspace/Projects/Python/Avatar-Mahmudul-Forked/main.qml:1360:17: QML Column: Cannot specify top, bottom, verticalCenter, fill or centerIn anchors for items inside Column. Column will not function.
file:///home/mahmudul/Workspace/Projects/Python/Avatar-Mahmudul-Forked/main.qml:813:29: QML Row: Cannot specify left, right, horizontalCenter, fill or centerIn anchors for items inside Row. Row will not function.
file:///home/mahmudul/Workspace/Projects/Python/Avatar-Mahmudul-Forked/main.qml:806:25: QML Column: Cannot specify top, bottom, verticalCenter, fill or centerIn anchors for items inside Column. Column will not function.
file:///home/mahmudul/Workspace/Projects/Python/Avatar-Mahmudul-Forked/main.qml:94:17: QML Row: Cannot specify left, right, horizontalCenter, fill or centerIn anchors for items inside Row. Row will not function.
file:///home/mahmudul/Workspace/Projects/Python/Avatar-Mahmudul-Forked/Manual_NAO6_Control/camera_view/DroneCameraView.qml:41:9: Cannot assign to non-existent property "radiusTopRight"
qml: droneCameraLoader.status -> 3
file:///home/mahmudul/Workspace/Projects/Python/Avatar-Mahmudul-Forked/main.qml:94:17: QML Row: Cannot specify left, right, horizontalCenter, fill or centerIn anchors for items inside Row. Row will not function.
qml: droneCameraLoader.status -> 0
file:///home/mahmudul/Workspace/Projects/Python/Avatar-Mahmudul-Forked/Manual_NAO6_Control/camera_view/DroneCameraView.qml:41:9: Cannot assign to non-existent property "radiusTopRight"
qml: droneCameraLoader.status -> 3
